This file contains any messages produced by compilers while
running configure, to aid debugging if configure makes a mistake.

It was created by libdc1394 configure 2.2.1, which was
generated by GNU Autoconf 2.65.  Invocation command line was

  $ ./configure 

## --------- ##
## Platform. ##
## --------- ##

hostname = alec-Latitude-E6320
uname -m = x86_64
uname -r = 3.5.0-51-generic
uname -s = Linux
uname -v = #77~precise1-Ubuntu SMP Thu Jun 5 00:48:28 UTC 2014

/usr/bin/uname -p = unknown
/bin/uname -X     = unknown

/bin/arch              = unknown
/usr/bin/arch -k       = unknown
/usr/convex/getsysinfo = unknown
/usr/bin/hostinfo      = unknown
/bin/machine           = unknown
/usr/bin/oslevel       = unknown
/bin/universe          = unknown

PATH: /usr/lib/lightdm/lightdm
PATH: /usr/local/sbin
PATH: /usr/local/bin
PATH: /usr/sbin
PATH: /usr/bin
PATH: /sbin
PATH: /bin
PATH: /usr/games
PATH: /home/alec/raspberrypi/tools/arm-bcm2708/gcc-linaro-arm-linux-gnueabihf-raspbian/bin


## ----------- ##
## Core tests. ##
## ----------- ##

configure:2538: checking build system type
configure:2552: result: x86_64-unknown-linux-gnu
configure:2572: checking host system type
configure:2585: result: x86_64-unknown-linux-gnu
configure:2605: checking target system type
configure:2618: result: x86_64-unknown-linux-gnu
configure:3063: checking for doxygen
configure:3096: result: no
configure:3116: WARNING: doxygen not found - will not generate any doxygen documentation (requires doxygen package)
configure:3169: checking for perl
configure:3187: found /usr/bin/perl
configure:3199: result: /usr/bin/perl
configure:4898: checking for a BSD-compatible install
configure:4966: result: /usr/bin/install -c
configure:4977: checking whether build environment is sane
configure:5027: result: yes
configure:5168: checking for a thread-safe mkdir -p
configure:5207: result: /bin/mkdir -p
configure:5220: checking for gawk
configure:5250: result: no
configure:5220: checking for mawk
configure:5236: found /usr/bin/mawk
configure:5247: result: mawk
configure:5258: checking whether make sets $(MAKE)
configure:5280: result: yes
configure:5411: checking for gcc
configure:5427: found /usr/bin/gcc
configure:5438: result: gcc
configure:5667: checking for C compiler version
configure:5676: gcc --version >&5
gcc (Ubuntu/Linaro 4.6.3-1ubuntu5) 4.6.3
Copyright (C) 2011 Free Software Foundation, Inc.
This is free software; see the source for copying conditions.  There is NO
warranty; not even for MERCHANTABILITY or FITNESS FOR A PARTICULAR PURPOSE.

configure:5687: $? = 0
configure:5676: gcc -v >&5
Using built-in specs.
COLLECT_GCC=gcc
COLLECT_LTO_WRAPPER=/usr/lib/gcc/x86_64-linux-gnu/4.6/lto-wrapper
Target: x86_64-linux-gnu
Configured with: ../src/configure -v --with-pkgversion='Ubuntu/Linaro 4.6.3-1ubuntu5' --with-bugurl=file:///usr/share/doc/gcc-4.6/README.Bugs --enable-languages=c,c++,fortran,objc,obj-c++ --prefix=/usr --program-suffix=-4.6 --enable-shared --enable-linker-build-id --with-system-zlib --libexecdir=/usr/lib --without-included-gettext --enable-threads=posix --with-gxx-include-dir=/usr/include/c++/4.6 --libdir=/usr/lib --enable-nls --with-sysroot=/ --enable-clocale=gnu --enable-libstdcxx-debug --enable-libstdcxx-time=yes --enable-gnu-unique-object --enable-plugin --enable-objc-gc --disable-werror --with-arch-32=i686 --with-tune=generic --enable-checking=release --build=x86_64-linux-gnu --host=x86_64-linux-gnu --target=x86_64-linux-gnu
Thread model: posix
gcc version 4.6.3 (Ubuntu/Linaro 4.6.3-1ubuntu5) 
configure:5687: $? = 0
configure:5676: gcc -V >&5
gcc: error: unrecognized option '-V'
gcc: fatal error: no input files
compilation terminated.
configure:5687: $? = 4
configure:5676: gcc -qversion >&5
gcc: error: unrecognized option '-qversion'
gcc: fatal error: no input files
compilation terminated.
configure:5687: $? = 4
configure:5707: checking whether the C compiler works
configure:5729: gcc    conftest.c  >&5
configure:5733: $? = 0
configure:5782: result: yes
configure:5785: checking for C compiler default output file name
configure:5787: result: a.out
configure:5793: checking for suffix of executables
configure:5800: gcc -o conftest    conftest.c  >&5
configure:5804: $? = 0
configure:5826: result: 
configure:5848: checking whether we are cross compiling
configure:5856: gcc -o conftest    conftest.c  >&5
configure:5860: $? = 0
configure:5867: ./conftest
configure:5871: $? = 0
configure:5886: result: no
configure:5891: checking for suffix of object files
configure:5913: gcc -c   conftest.c >&5
configure:5917: $? = 0
configure:5938: result: o
configure:5942: checking whether we are using the GNU C compiler
configure:5961: gcc -c   conftest.c >&5
configure:5961: $? = 0
configure:5970: result: yes
configure:5979: checking whether gcc accepts -g
configure:5999: gcc -c -g  conftest.c >&5
configure:5999: $? = 0
configure:6040: result: yes
configure:6057: checking for gcc option to accept ISO C89
configure:6121: gcc  -c -g -O2  conftest.c >&5
configure:6121: $? = 0
configure:6134: result: none needed
configure:6165: checking for style of include used by make
configure:6193: result: GNU
configure:6218: checking dependency style of gcc
configure:6328: result: gcc3
configure:6368: checking for a sed that does not truncate output
configure:6432: result: /bin/sed
configure:6450: checking for grep that handles long lines and -e
configure:6508: result: /bin/grep
configure:6513: checking for egrep
configure:6575: result: /bin/grep -E
configure:6580: checking for fgrep
configure:6642: result: /bin/grep -F
configure:6677: checking for ld used by gcc
configure:6744: result: /usr/bin/ld
configure:6751: checking if the linker (/usr/bin/ld) is GNU ld
configure:6766: result: yes
configure:6778: checking for BSD- or MS-compatible name lister (nm)
configure:6827: result: /usr/bin/nm -B
configure:6945: checking the name lister (/usr/bin/nm -B) interface
configure:6952: gcc -c -g -O2  conftest.c >&5
configure:6955: /usr/bin/nm -B "conftest.o"
configure:6958: output
0000000000000000 B some_variable
configure:6965: result: BSD nm
configure:6968: checking whether ln -s works
configure:6972: result: yes
configure:6980: checking the maximum length of command line arguments
configure:7100: result: 1572864
configure:7117: checking whether the shell understands some XSI constructs
configure:7127: result: yes
configure:7131: checking whether the shell understands "+="
configure:7137: result: yes
configure:7172: checking for /usr/bin/ld option to reload object files
configure:7179: result: -r
configure:7248: checking for objdump
configure:7264: found /usr/bin/objdump
configure:7275: result: objdump
configure:7304: checking how to recognize dependent libraries
configure:7500: result: pass_all
configure:7560: checking for ar
configure:7576: found /usr/bin/ar
configure:7587: result: ar
configure:7665: checking for strip
configure:7681: found /usr/bin/strip
configure:7692: result: strip
configure:7764: checking for ranlib
configure:7780: found /usr/bin/ranlib
configure:7791: result: ranlib
configure:7881: checking command to parse /usr/bin/nm -B output from gcc object
configure:7999: gcc -c -g -O2  conftest.c >&5
configure:8002: $? = 0
configure:8006: /usr/bin/nm -B conftest.o \| sed -n -e 's/^.*[	 ]\([ABCDGIRSTW][ABCDGIRSTW]*\)[	 ][	 ]*\([_A-Za-z][_A-Za-z0-9]*\)$/\1 \2 \2/p' \> conftest.nm
configure:8009: $? = 0
configure:8063: gcc -o conftest -g -O2   conftest.c conftstm.o >&5
configure:8066: $? = 0
configure:8104: result: ok
configure:8200: gcc -c -g -O2  conftest.c >&5
configure:8203: $? = 0
configure:8913: checking how to run the C preprocessor
configure:8944: gcc -E  conftest.c
configure:8944: $? = 0
configure:8958: gcc -E  conftest.c
conftest.c:11:28: fatal error: ac_nonexistent.h: No such file or directory
compilation terminated.
configure:8958: $? = 1
configure: failed program was:
| /* confdefs.h */
| #define PACKAGE_NAME "libdc1394"
| #define PACKAGE_TARNAME "libdc1394"
| #define PACKAGE_VERSION "2.2.1"
| #define PACKAGE_STRING "libdc1394 2.2.1"
| #define PACKAGE_BUGREPORT "libdc1394-devel@lists.sf.net"
| #define PACKAGE_URL ""
| #define PACKAGE "libdc1394"
| #define VERSION "2.2.1"
| /* end confdefs.h.  */
| #include <ac_nonexistent.h>
configure:8983: result: gcc -E
configure:9003: gcc -E  conftest.c
configure:9003: $? = 0
configure:9017: gcc -E  conftest.c
conftest.c:11:28: fatal error: ac_nonexistent.h: No such file or directory
compilation terminated.
configure:9017: $? = 1
configure: failed program was:
| /* confdefs.h */
| #define PACKAGE_NAME "libdc1394"
| #define PACKAGE_TARNAME "libdc1394"
| #define PACKAGE_VERSION "2.2.1"
| #define PACKAGE_STRING "libdc1394 2.2.1"
| #define PACKAGE_BUGREPORT "libdc1394-devel@lists.sf.net"
| #define PACKAGE_URL ""
| #define PACKAGE "libdc1394"
| #define VERSION "2.2.1"
| /* end confdefs.h.  */
| #include <ac_nonexistent.h>
configure:9046: checking for ANSI C header files
configure:9066: gcc -c -g -O2  conftest.c >&5
configure:9066: $? = 0
configure:9139: gcc -o conftest -g -O2   conftest.c  >&5
configure:9139: $? = 0
configure:9139: ./conftest
configure:9139: $? = 0
configure:9150: result: yes
configure:9163: checking for sys/types.h
configure:9163: gcc -c -g -O2  conftest.c >&5
configure:9163: $? = 0
configure:9163: result: yes
configure:9163: checking for sys/stat.h
configure:9163: gcc -c -g -O2  conftest.c >&5
configure:9163: $? = 0
configure:9163: result: yes
configure:9163: checking for stdlib.h
configure:9163: gcc -c -g -O2  conftest.c >&5
configure:9163: $? = 0
configure:9163: result: yes
configure:9163: checking for string.h
configure:9163: gcc -c -g -O2  conftest.c >&5
configure:9163: $? = 0
configure:9163: result: yes
configure:9163: checking for memory.h
configure:9163: gcc -c -g -O2  conftest.c >&5
configure:9163: $? = 0
configure:9163: result: yes
configure:9163: checking for strings.h
configure:9163: gcc -c -g -O2  conftest.c >&5
configure:9163: $? = 0
configure:9163: result: yes
configure:9163: checking for inttypes.h
configure:9163: gcc -c -g -O2  conftest.c >&5
configure:9163: $? = 0
configure:9163: result: yes
configure:9163: checking for stdint.h
configure:9163: gcc -c -g -O2  conftest.c >&5
configure:9163: $? = 0
configure:9163: result: yes
configure:9163: checking for unistd.h
configure:9163: gcc -c -g -O2  conftest.c >&5
configure:9163: $? = 0
configure:9163: result: yes
configure:9178: checking for dlfcn.h
configure:9178: gcc -c -g -O2  conftest.c >&5
configure:9178: $? = 0
configure:9178: result: yes
configure:9360: checking for objdir
configure:9375: result: .libs
configure:9667: checking if gcc supports -fno-rtti -fno-exceptions
configure:9685: gcc -c -g -O2  -fno-rtti -fno-exceptions conftest.c >&5
cc1: warning: command line option '-fno-rtti' is valid for C++/ObjC++ but not for C [enabled by default]
configure:9689: $? = 0
configure:9702: result: no
configure:9722: checking for gcc option to produce PIC
configure:9994: result: -fPIC -DPIC
configure:10006: checking if gcc PIC flag -fPIC -DPIC works
configure:10024: gcc -c -g -O2  -fPIC -DPIC -DPIC conftest.c >&5
configure:10028: $? = 0
configure:10041: result: yes
configure:10065: checking if gcc static flag -static works
configure:10093: result: yes
configure:10108: checking if gcc supports -c -o file.o
configure:10129: gcc -c -g -O2  -o out/conftest2.o conftest.c >&5
configure:10133: $? = 0
configure:10155: result: yes
configure:10163: checking if gcc supports -c -o file.o
configure:10210: result: yes
configure:10243: checking whether the gcc linker (/usr/bin/ld -m elf_x86_64) supports shared libraries
configure:11234: result: yes
configure:11271: checking whether -lc should be explicitly linked in
configure:11276: gcc -c -g -O2  conftest.c >&5
configure:11279: $? = 0
configure:11294: gcc -shared conftest.o  -v -Wl,-soname -Wl,conftest -o conftest 2\>\&1 \| /bin/grep  -lc  \>/dev/null 2\>\&1
configure:11297: $? = 0
configure:11309: result: no
configure:11473: checking dynamic linker characteristics
configure:11906: gcc -o conftest -g -O2   -Wl,-rpath -Wl,/foo conftest.c  >&5
configure:11906: $? = 0
configure:12136: result: GNU/Linux ld.so
configure:12238: checking how to hardcode library paths into programs
configure:12263: result: immediate
configure:12783: checking whether stripping libraries is possible
configure:12788: result: yes
configure:12823: checking if libtool supports shared libraries
configure:12825: result: yes
configure:12828: checking whether to build shared libraries
configure:12849: result: yes
configure:12852: checking whether to build static libraries
configure:12856: result: yes
configure:12892: checking whether gcc and cc understand -c and -o together
configure:12923: gcc -c conftest.c -o conftest2.o >&5
configure:12927: $? = 0
configure:12933: gcc -c conftest.c -o conftest2.o >&5
configure:12937: $? = 0
configure:12948: cc -c conftest.c >&5
configure:12952: $? = 0
configure:12960: cc -c conftest.c -o conftest2.o >&5
configure:12964: $? = 0
configure:12970: cc -c conftest.c -o conftest2.o >&5
configure:12974: $? = 0
configure:12992: result: yes
configure:13067: checking for pkg-config
configure:13085: found /usr/bin/pkg-config
configure:13097: result: /usr/bin/pkg-config
configure:13122: checking pkg-config is at least version 0.9.0
configure:13125: result: yes
configure:13136: checking for C/C++ restrict keyword
configure:13161: gcc -c -g -O2  conftest.c >&5
configure:13161: $? = 0
configure:13169: result: __restrict
configure:13183: checking for pow in -lm
configure:13208: gcc -o conftest -g -O2   conftest.c -lm   >&5
conftest.c:31:6: warning: conflicting types for built-in function 'pow' [enabled by default]
configure:13208: $? = 0
configure:13217: result: yes
configure:13226: checking for LIBUSB
configure:13233: $PKG_CONFIG --exists --print-errors "libusb-1.0"
configure:13236: $? = 0
configure:13249: $PKG_CONFIG --exists --print-errors "libusb-1.0"
configure:13252: $? = 0
configure:13289: result: yes
configure:13341: checking for sdl-config
configure:13359: found /usr/bin/sdl-config
configure:13372: result: /usr/bin/sdl-config
configure:13382: checking for SDL - version >= 1.2.4
configure:13469: gcc -o conftest -g -O2 -I/usr/include/SDL -D_GNU_SOURCE=1 -D_REENTRANT   conftest.c -lm  -L/usr/lib/x86_64-linux-gnu -lSDL >&5
configure:13469: $? = 0
configure:13469: ./conftest
configure:13469: $? = 0
configure:13484: result: yes
configure:13565: checking for raw1394_channel_modify in -lraw1394
configure:13590: gcc -o conftest -g -O2   conftest.c -lraw1394  -lm  >&5
/usr/bin/ld: cannot find -lraw1394
collect2: ld returned 1 exit status
configure:13590: $? = 1
configure: failed program was:
| /* confdefs.h */
| #define PACKAGE_NAME "libdc1394"
| #define PACKAGE_TARNAME "libdc1394"
| #define PACKAGE_VERSION "2.2.1"
| #define PACKAGE_STRING "libdc1394 2.2.1"
| #define PACKAGE_BUGREPORT "libdc1394-devel@lists.sf.net"
| #define PACKAGE_URL ""
| #define PACKAGE "libdc1394"
| #define VERSION "2.2.1"
| #define STDC_HEADERS 1
| #define HAVE_SYS_TYPES_H 1
| #define HAVE_SYS_STAT_H 1
| #define HAVE_STDLIB_H 1
| #define HAVE_STRING_H 1
| #define HAVE_MEMORY_H 1
| #define HAVE_STRINGS_H 1
| #define HAVE_INTTYPES_H 1
| #define HAVE_STDINT_H 1
| #define HAVE_UNISTD_H 1
| #define HAVE_DLFCN_H 1
| #define LT_OBJDIR ".libs/"
| #define restrict __restrict
| #define HAVE_LIBUSB /**/
| #define HAVE_LIBSDL 1
| #define HAVE_LINUX /**/
| /* end confdefs.h.  */
| 
| /* Override any GCC internal prototype to avoid an error.
|    Use char because int might match the return type of a GCC
|    builtin and then its argument prototype would still apply.  */
| #ifdef __cplusplus
| extern "C"
| #endif
| char raw1394_channel_modify ();
| int
| main ()
| {
| return raw1394_channel_modify ();
|   ;
|   return 0;
| }
configure:13599: result: no
configure:13606: WARNING: libraw1394 not found or too old. Please upgrade to 1.2.0 or a more recent version.
configure:13716: checking for main in -lGL
configure:13735: gcc -o conftest -g -O2   conftest.c -lGL  -lm  >&5
configure:13735: $? = 0
configure:13744: result: yes
configure:13848: checking linux/videodev.h usability
configure:13848: gcc -c -g -O2  conftest.c >&5
conftest.c:61:28: fatal error: linux/videodev.h: No such file or directory
compilation terminated.
configure:13848: $? = 1
configure: failed program was:
| /* confdefs.h */
| #define PACKAGE_NAME "libdc1394"
| #define PACKAGE_TARNAME "libdc1394"
| #define PACKAGE_VERSION "2.2.1"
| #define PACKAGE_STRING "libdc1394 2.2.1"
| #define PACKAGE_BUGREPORT "libdc1394-devel@lists.sf.net"
| #define PACKAGE_URL ""
| #define PACKAGE "libdc1394"
| #define VERSION "2.2.1"
| #define STDC_HEADERS 1
| #define HAVE_SYS_TYPES_H 1
| #define HAVE_SYS_STAT_H 1
| #define HAVE_STDLIB_H 1
| #define HAVE_STRING_H 1
| #define HAVE_MEMORY_H 1
| #define HAVE_STRINGS_H 1
| #define HAVE_INTTYPES_H 1
| #define HAVE_STDINT_H 1
| #define HAVE_UNISTD_H 1
| #define HAVE_DLFCN_H 1
| #define LT_OBJDIR ".libs/"
| #define restrict __restrict
| #define HAVE_LIBUSB /**/
| #define HAVE_LIBSDL 1
| #define HAVE_LINUX /**/
| #define HAVE_OPENGL 1
| /* end confdefs.h.  */
| #include <stdio.h>
| #ifdef HAVE_SYS_TYPES_H
| # include <sys/types.h>
| #endif
| #ifdef HAVE_SYS_STAT_H
| # include <sys/stat.h>
| #endif
| #ifdef STDC_HEADERS
| # include <stdlib.h>
| # include <stddef.h>
| #else
| # ifdef HAVE_STDLIB_H
| #  include <stdlib.h>
| # endif
| #endif
| #ifdef HAVE_STRING_H
| # if !defined STDC_HEADERS && defined HAVE_MEMORY_H
| #  include <memory.h>
| # endif
| # include <string.h>
| #endif
| #ifdef HAVE_STRINGS_H
| # include <strings.h>
| #endif
| #ifdef HAVE_INTTYPES_H
| # include <inttypes.h>
| #endif
| #ifdef HAVE_STDINT_H
| # include <stdint.h>
| #endif
| #ifdef HAVE_UNISTD_H
| # include <unistd.h>
| #endif
| #include <linux/videodev.h>
configure:13848: result: no
configure:13848: checking linux/videodev.h presence
configure:13848: gcc -E  conftest.c
conftest.c:28:28: fatal error: linux/videodev.h: No such file or directory
compilation terminated.
configure:13848: $? = 1
configure: failed program was:
| /* confdefs.h */
| #define PACKAGE_NAME "libdc1394"
| #define PACKAGE_TARNAME "libdc1394"
| #define PACKAGE_VERSION "2.2.1"
| #define PACKAGE_STRING "libdc1394 2.2.1"
| #define PACKAGE_BUGREPORT "libdc1394-devel@lists.sf.net"
| #define PACKAGE_URL ""
| #define PACKAGE "libdc1394"
| #define VERSION "2.2.1"
| #define STDC_HEADERS 1
| #define HAVE_SYS_TYPES_H 1
| #define HAVE_SYS_STAT_H 1
| #define HAVE_STDLIB_H 1
| #define HAVE_STRING_H 1
| #define HAVE_MEMORY_H 1
| #define HAVE_STRINGS_H 1
| #define HAVE_INTTYPES_H 1
| #define HAVE_STDINT_H 1
| #define HAVE_UNISTD_H 1
| #define HAVE_DLFCN_H 1
| #define LT_OBJDIR ".libs/"
| #define restrict __restrict
| #define HAVE_LIBUSB /**/
| #define HAVE_LIBSDL 1
| #define HAVE_LINUX /**/
| #define HAVE_OPENGL 1
| /* end confdefs.h.  */
| #include <linux/videodev.h>
configure:13848: result: no
configure:13848: checking for linux/videodev.h
configure:13848: result: no
configure:13885: checking for Xv extensions
configure:13902: gcc -c -g -O2  conftest.c >&5
conftest.c:30:42: fatal error: X11/extensions/Xvlib.h: No such file or directory
compilation terminated.
configure:13902: $? = 1
configure: failed program was:
| /* confdefs.h */
| #define PACKAGE_NAME "libdc1394"
| #define PACKAGE_TARNAME "libdc1394"
| #define PACKAGE_VERSION "2.2.1"
| #define PACKAGE_STRING "libdc1394 2.2.1"
| #define PACKAGE_BUGREPORT "libdc1394-devel@lists.sf.net"
| #define PACKAGE_URL ""
| #define PACKAGE "libdc1394"
| #define VERSION "2.2.1"
| #define STDC_HEADERS 1
| #define HAVE_SYS_TYPES_H 1
| #define HAVE_SYS_STAT_H 1
| #define HAVE_STDLIB_H 1
| #define HAVE_STRING_H 1
| #define HAVE_MEMORY_H 1
| #define HAVE_STRINGS_H 1
| #define HAVE_INTTYPES_H 1
| #define HAVE_STDINT_H 1
| #define HAVE_UNISTD_H 1
| #define HAVE_DLFCN_H 1
| #define LT_OBJDIR ".libs/"
| #define restrict __restrict
| #define HAVE_LIBUSB /**/
| #define HAVE_LIBSDL 1
| #define HAVE_LINUX /**/
| #define HAVE_OPENGL 1
| /* end confdefs.h.  */
| 
|         #include <X11/Xlib.h>
|         #include <X11/extensions/Xvlib.h>
| int
| main ()
| {
| 
|         int main(void) { (void) XvGetPortAttribute(0, 0, 0, 0); return 0; }
| 
|   ;
|   return 0;
| }
configure:13908: result: no
configure:13924: checking for ANSI C header files
configure:14028: result: yes
configure:14039: checking for stdint.h
configure:14039: result: yes
configure:14039: checking fcntl.h usability
configure:14039: gcc -c -g -O2  conftest.c >&5
configure:14039: $? = 0
configure:14039: result: yes
configure:14039: checking fcntl.h presence
configure:14039: gcc -E  conftest.c
configure:14039: $? = 0
configure:14039: result: yes
configure:14039: checking for fcntl.h
configure:14039: result: yes
configure:14039: checking sys/ioctl.h usability
configure:14039: gcc -c -g -O2  conftest.c >&5
configure:14039: $? = 0
configure:14039: result: yes
configure:14039: checking sys/ioctl.h presence
configure:14039: gcc -E  conftest.c
configure:14039: $? = 0
configure:14039: result: yes
configure:14039: checking for sys/ioctl.h
configure:14039: result: yes
configure:14039: checking for unistd.h
configure:14039: result: yes
configure:14039: checking sys/mman.h usability
configure:14039: gcc -c -g -O2  conftest.c >&5
configure:14039: $? = 0
configure:14039: result: yes
configure:14039: checking sys/mman.h presence
configure:14039: gcc -E  conftest.c
configure:14039: $? = 0
configure:14039: result: yes
configure:14039: checking for sys/mman.h
configure:14039: result: yes
configure:14039: checking netinet/in.h usability
configure:14039: gcc -c -g -O2  conftest.c >&5
configure:14039: $? = 0
configure:14039: result: yes
configure:14039: checking netinet/in.h presence
configure:14039: gcc -E  conftest.c
configure:14039: $? = 0
configure:14039: result: yes
configure:14039: checking for netinet/in.h
configure:14039: result: yes
configure:14050: checking for X
configure:14158: gcc -E  conftest.c
configure:14158: $? = 0
configure:14189: gcc -o conftest -g -O2   conftest.c -lX11 -lm  >&5
configure:14189: $? = 0
configure:14239: result: libraries , headers 
configure:14338: gcc -o conftest -g -O2   conftest.c -lm   -lX11 >&5
configure:14338: $? = 0
configure:14436: checking for gethostbyname
configure:14436: gcc -o conftest -g -O2   conftest.c -lm  >&5
configure:14436: $? = 0
configure:14436: result: yes
configure:14533: checking for connect
configure:14533: gcc -o conftest -g -O2   conftest.c -lm  >&5
configure:14533: $? = 0
configure:14533: result: yes
configure:14582: checking for remove
configure:14582: gcc -o conftest -g -O2   conftest.c -lm  >&5
configure:14582: $? = 0
configure:14582: result: yes
configure:14631: checking for shmat
configure:14631: gcc -o conftest -g -O2   conftest.c -lm  >&5
configure:14631: $? = 0
configure:14631: result: yes
configure:14689: checking for IceConnectionNumber in -lICE
configure:14714: gcc -o conftest -g -O2   conftest.c -lICE  -lm  >&5
configure:14714: $? = 0
configure:14723: result: yes
configure:14734: checking for size_t
configure:14734: gcc -c -g -O2  conftest.c >&5
configure:14734: $? = 0
configure:14734: gcc -c -g -O2  conftest.c >&5
conftest.c: In function 'main':
conftest.c:71:21: error: expected expression before ')' token
configure:14734: $? = 1
configure: failed program was:
| /* confdefs.h */
| #define PACKAGE_NAME "libdc1394"
| #define PACKAGE_TARNAME "libdc1394"
| #define PACKAGE_VERSION "2.2.1"
| #define PACKAGE_STRING "libdc1394 2.2.1"
| #define PACKAGE_BUGREPORT "libdc1394-devel@lists.sf.net"
| #define PACKAGE_URL ""
| #define PACKAGE "libdc1394"
| #define VERSION "2.2.1"
| #define STDC_HEADERS 1
| #define HAVE_SYS_TYPES_H 1
| #define HAVE_SYS_STAT_H 1
| #define HAVE_STDLIB_H 1
| #define HAVE_STRING_H 1
| #define HAVE_MEMORY_H 1
| #define HAVE_STRINGS_H 1
| #define HAVE_INTTYPES_H 1
| #define HAVE_STDINT_H 1
| #define HAVE_UNISTD_H 1
| #define HAVE_DLFCN_H 1
| #define LT_OBJDIR ".libs/"
| #define restrict __restrict
| #define HAVE_LIBUSB /**/
| #define HAVE_LIBSDL 1
| #define HAVE_LINUX /**/
| #define HAVE_OPENGL 1
| #define STDC_HEADERS 1
| #define HAVE_STDINT_H 1
| #define HAVE_FCNTL_H 1
| #define HAVE_SYS_IOCTL_H 1
| #define HAVE_UNISTD_H 1
| #define HAVE_SYS_MMAN_H 1
| #define HAVE_NETINET_IN_H 1
| /* end confdefs.h.  */
| #include <stdio.h>
| #ifdef HAVE_SYS_TYPES_H
| # include <sys/types.h>
| #endif
| #ifdef HAVE_SYS_STAT_H
| # include <sys/stat.h>
| #endif
| #ifdef STDC_HEADERS
| # include <stdlib.h>
| # include <stddef.h>
| #else
| # ifdef HAVE_STDLIB_H
| #  include <stdlib.h>
| # endif
| #endif
| #ifdef HAVE_STRING_H
| # if !defined STDC_HEADERS && defined HAVE_MEMORY_H
| #  include <memory.h>
| # endif
| # include <string.h>
| #endif
| #ifdef HAVE_STRINGS_H
| # include <strings.h>
| #endif
| #ifdef HAVE_INTTYPES_H
| # include <inttypes.h>
| #endif
| #ifdef HAVE_STDINT_H
| # include <stdint.h>
| #endif
| #ifdef HAVE_UNISTD_H
| # include <unistd.h>
| #endif
| int
| main ()
| {
| if (sizeof ((size_t)))
| 	    return 0;
|   ;
|   return 0;
| }
configure:14734: result: yes
configure:14752: checking for stdlib.h
configure:14752: result: yes
configure:14752: checking for unistd.h
configure:14752: result: yes
configure:14752: checking for sys/param.h
configure:14752: gcc -c -g -O2  conftest.c >&5
configure:14752: $? = 0
configure:14752: result: yes
configure:14773: checking for getpagesize
configure:14773: gcc -o conftest -g -O2   conftest.c -lm  >&5
configure:14773: $? = 0
configure:14773: result: yes
configure:14782: checking for working mmap
configure:14929: gcc -o conftest -g -O2   conftest.c -lm  >&5
configure:14929: $? = 0
configure:14929: ./conftest
configure:14929: $? = 0
configure:14939: result: yes
configure:15210: creating ./config.status

## ---------------------- ##
## Running config.status. ##
## ---------------------- ##

This file was extended by libdc1394 config.status 2.2.1, which was
generated by GNU Autoconf 2.65.  Invocation command line was

  CONFIG_FILES    = 
  CONFIG_HEADERS  = 
  CONFIG_LINKS    = 
  CONFIG_COMMANDS = 
  $ ./config.status 

on alec-Latitude-E6320

config.status:1181: creating Makefile
config.status:1181: creating libdc1394-2.pc
config.status:1181: creating dc1394/Makefile
config.status:1181: creating dc1394/linux/Makefile
config.status:1181: creating dc1394/juju/Makefile
config.status:1181: creating dc1394/macosx/Makefile
config.status:1181: creating dc1394/windows/Makefile
config.status:1181: creating dc1394/usb/Makefile
config.status:1181: creating dc1394/vendor/Makefile
config.status:1181: creating examples/Makefile
config.status:1181: creating config.h
config.status:1353: config.h is unchanged
config.status:1401: executing depfiles commands
config.status:1401: executing libtool commands

## ---------------- ##
## Cache variables. ##
## ---------------- ##

ac_cv_build=x86_64-unknown-linux-gnu
ac_cv_c_compiler_gnu=yes
ac_cv_c_restrict=__restrict
ac_cv_env_CC_set=
ac_cv_env_CC_value=
ac_cv_env_CFLAGS_set=
ac_cv_env_CFLAGS_value=
ac_cv_env_CPPFLAGS_set=
ac_cv_env_CPPFLAGS_value=
ac_cv_env_CPP_set=
ac_cv_env_CPP_value=
ac_cv_env_DOXYGEN_PAPER_SIZE_set=
ac_cv_env_DOXYGEN_PAPER_SIZE_value=
ac_cv_env_LDFLAGS_set=
ac_cv_env_LDFLAGS_value=
ac_cv_env_LIBS_set=
ac_cv_env_LIBS_value=
ac_cv_env_LIBUSB_CFLAGS_set=
ac_cv_env_LIBUSB_CFLAGS_value=
ac_cv_env_LIBUSB_LIBS_set=
ac_cv_env_LIBUSB_LIBS_value=
ac_cv_env_PKG_CONFIG_set=
ac_cv_env_PKG_CONFIG_value=
ac_cv_env_XMKMF_set=
ac_cv_env_XMKMF_value=
ac_cv_env_build_alias_set=
ac_cv_env_build_alias_value=
ac_cv_env_host_alias_set=
ac_cv_env_host_alias_value=
ac_cv_env_target_alias_set=
ac_cv_env_target_alias_value=
ac_cv_func_connect=yes
ac_cv_func_gethostbyname=yes
ac_cv_func_getpagesize=yes
ac_cv_func_mmap_fixed_mapped=yes
ac_cv_func_remove=yes
ac_cv_func_shmat=yes
ac_cv_have_x='have_x=yes	ac_x_includes='\'''\''	ac_x_libraries='\'''\'''
ac_cv_header_dlfcn_h=yes
ac_cv_header_fcntl_h=yes
ac_cv_header_inttypes_h=yes
ac_cv_header_linux_videodev_h=no
ac_cv_header_memory_h=yes
ac_cv_header_netinet_in_h=yes
ac_cv_header_stdc=yes
ac_cv_header_stdint_h=yes
ac_cv_header_stdlib_h=yes
ac_cv_header_string_h=yes
ac_cv_header_strings_h=yes
ac_cv_header_sys_ioctl_h=yes
ac_cv_header_sys_mman_h=yes
ac_cv_header_sys_param_h=yes
ac_cv_header_sys_stat_h=yes
ac_cv_header_sys_types_h=yes
ac_cv_header_unistd_h=yes
ac_cv_host=x86_64-unknown-linux-gnu
ac_cv_lib_GL_main=yes
ac_cv_lib_ICE_IceConnectionNumber=yes
ac_cv_lib_m_pow=yes
ac_cv_lib_raw1394_raw1394_channel_modify=no
ac_cv_objext=o
ac_cv_path_EGREP='/bin/grep -E'
ac_cv_path_FGREP='/bin/grep -F'
ac_cv_path_GREP=/bin/grep
ac_cv_path_SDL_CONFIG=/usr/bin/sdl-config
ac_cv_path_SED=/bin/sed
ac_cv_path_ac_pt_DX_PERL=/usr/bin/perl
ac_cv_path_ac_pt_PKG_CONFIG=/usr/bin/pkg-config
ac_cv_path_install='/usr/bin/install -c'
ac_cv_path_mkdir=/bin/mkdir
ac_cv_prog_AWK=mawk
ac_cv_prog_CPP='gcc -E'
ac_cv_prog_ac_ct_AR=ar
ac_cv_prog_ac_ct_CC=gcc
ac_cv_prog_ac_ct_OBJDUMP=objdump
ac_cv_prog_ac_ct_RANLIB=ranlib
ac_cv_prog_ac_ct_STRIP=strip
ac_cv_prog_cc_c89=
ac_cv_prog_cc_g=yes
ac_cv_prog_cc_gcc_c_o=yes
ac_cv_prog_make_make_set=yes
ac_cv_target=x86_64-unknown-linux-gnu
ac_cv_type_size_t=yes
am_cv_CC_dependencies_compiler_type=gcc3
lt_cv_deplibs_check_method=pass_all
lt_cv_file_magic_cmd='$MAGIC_CMD'
lt_cv_file_magic_test_file=
lt_cv_ld_reload_flag=-r
lt_cv_nm_interface='BSD nm'
lt_cv_objdir=.libs
lt_cv_path_LD=/usr/bin/ld
lt_cv_path_NM='/usr/bin/nm -B'
lt_cv_prog_compiler_c_o=yes
lt_cv_prog_compiler_pic_works=yes
lt_cv_prog_compiler_rtti_exceptions=no
lt_cv_prog_compiler_static_works=yes
lt_cv_prog_gnu_ld=yes
lt_cv_sys_global_symbol_pipe='sed -n -e '\''s/^.*[	 ]\([ABCDGIRSTW][ABCDGIRSTW]*\)[	 ][	 ]*\([_A-Za-z][_A-Za-z0-9]*\)$/\1 \2 \2/p'\'''
lt_cv_sys_global_symbol_to_c_name_address='sed -n -e '\''s/^: \([^ ]*\) $/  {\"\1\", (void *) 0},/p'\'' -e '\''s/^[ABCDGIRSTW]* \([^ ]*\) \([^ ]*\)$/  {"\2", (void *) \&\2},/p'\'''
lt_cv_sys_global_symbol_to_c_name_address_lib_prefix='sed -n -e '\''s/^: \([^ ]*\) $/  {\"\1\", (void *) 0},/p'\'' -e '\''s/^[ABCDGIRSTW]* \([^ ]*\) \(lib[^ ]*\)$/  {"\2", (void *) \&\2},/p'\'' -e '\''s/^[ABCDGIRSTW]* \([^ ]*\) \([^ ]*\)$/  {"lib\2", (void *) \&\2},/p'\'''
lt_cv_sys_global_symbol_to_cdecl='sed -n -e '\''s/^T .* \(.*\)$/extern int \1();/p'\'' -e '\''s/^[ABCDGIRSTW]* .* \(.*\)$/extern char \1;/p'\'''
lt_cv_sys_max_cmd_len=1572864
pkg_cv_LIBUSB_CFLAGS='-I/usr/include/libusb-1.0  '
pkg_cv_LIBUSB_LIBS='-lusb-1.0  '

## ----------------- ##
## Output variables. ##
## ----------------- ##

ACLOCAL='${SHELL} /home/alec/Taktia/Tool/SmartRouterQt/libdc1394-2.2.1-alec/missing --run aclocal-1.11'
AMDEPBACKSLASH='\'
AMDEP_FALSE='#'
AMDEP_TRUE=''
AMTAR='${SHELL} /home/alec/Taktia/Tool/SmartRouterQt/libdc1394-2.2.1-alec/missing --run tar'
AR='ar'
AS=''
AUTOCONF='${SHELL} /home/alec/Taktia/Tool/SmartRouterQt/libdc1394-2.2.1-alec/missing --run autoconf'
AUTOHEADER='${SHELL} /home/alec/Taktia/Tool/SmartRouterQt/libdc1394-2.2.1-alec/missing --run autoheader'
AUTOMAKE='${SHELL} /home/alec/Taktia/Tool/SmartRouterQt/libdc1394-2.2.1-alec/missing --run automake-1.11'
AWK='mawk'
CC='gcc'
CCDEPMODE='depmode=gcc3'
CFLAGS='-Wall -Wunused -std=gnu99 -g -O2'
CPP='gcc -E'
CPPFLAGS=''
CYGPATH_W='echo'
DEFS='-DHAVE_CONFIG_H'
DEPDIR='.deps'
DLLTOOL=''
DOXYGEN_PAPER_SIZE=''
DSYMUTIL=''
DUMPBIN=''
DX_COND_chi_FALSE=''
DX_COND_chi_TRUE='#'
DX_COND_chm_FALSE=''
DX_COND_chm_TRUE='#'
DX_COND_doc_FALSE=''
DX_COND_doc_TRUE='#'
DX_COND_dot_FALSE=''
DX_COND_dot_TRUE='#'
DX_COND_html_FALSE=''
DX_COND_html_TRUE='#'
DX_COND_latex_FALSE=''
DX_COND_latex_TRUE='#'
DX_COND_man_FALSE=''
DX_COND_man_TRUE='#'
DX_COND_pdf_FALSE=''
DX_COND_pdf_TRUE='#'
DX_COND_ps_FALSE=''
DX_COND_ps_TRUE='#'
DX_COND_rtf_FALSE=''
DX_COND_rtf_TRUE='#'
DX_COND_xml_FALSE=''
DX_COND_xml_TRUE='#'
DX_CONFIG='Doxyfile.in'
DX_DOCDIR='doc'
DX_DOT=''
DX_DOXYGEN=''
DX_DVIPS=''
DX_EGREP=''
DX_ENV=' SRCDIR='\''.'\'' PROJECT='\''libdc1394'\'' DOCDIR='\''doc'\'' VERSION='\''2.2.1'\'' HAVE_DOT='\''NO'\'' GENERATE_MAN='\''NO'\'' GENERATE_RTF='\''NO'\'' GENERATE_XML='\''NO'\'' GENERATE_HTMLHELP='\''NO'\'' GENERATE_CHI='\''NO'\'' GENERATE_HTML='\''NO'\'' GENERATE_LATEX='\''NO'\'''
DX_FLAG_chi='0'
DX_FLAG_chm='0'
DX_FLAG_doc='0'
DX_FLAG_dot='0'
DX_FLAG_html='0'
DX_FLAG_man='0'
DX_FLAG_pdf='0'
DX_FLAG_ps='0'
DX_FLAG_rtf='0'
DX_FLAG_xml='0'
DX_HHC=''
DX_LATEX=''
DX_MAKEINDEX=''
DX_PDFLATEX=''
DX_PERL='/usr/bin/perl'
DX_PROJECT='libdc1394'
ECHO_C=''
ECHO_N='-n'
ECHO_T=''
EGREP='/bin/grep -E'
EXEEXT=''
FGREP='/bin/grep -F'
GREP='/bin/grep'
HAVE_LIBRAW1394_FALSE=''
HAVE_LIBRAW1394_TRUE='#'
HAVE_LIBSDL_FALSE='#'
HAVE_LIBSDL_TRUE=''
HAVE_LIBUSB_FALSE='#'
HAVE_LIBUSB_TRUE=''
HAVE_LINUX_FALSE='#'
HAVE_LINUX_TRUE=''
HAVE_MACOSX_FALSE=''
HAVE_MACOSX_TRUE='#'
HAVE_OPENGL_FALSE='#'
HAVE_OPENGL_TRUE=''
HAVE_VIDEODEV_FALSE=''
HAVE_VIDEODEV_TRUE='#'
HAVE_WINDOWS_FALSE=''
HAVE_WINDOWS_TRUE='#'
HAVE_XV_FALSE=''
HAVE_XV_TRUE='#'
INSTALL_DATA='${INSTALL} -m 644'
INSTALL_PROGRAM='${INSTALL}'
INSTALL_SCRIPT='${INSTALL}'
INSTALL_STRIP_PROGRAM='$(install_sh) -c -s'
LD='/usr/bin/ld -m elf_x86_64'
LDFLAGS=''
LIBOBJS=''
LIBS='-lm '
LIBTOOL='$(SHELL) $(top_builddir)/libtool'
LIBUSB_CFLAGS='-I/usr/include/libusb-1.0  '
LIBUSB_LIBS='-lusb-1.0  '
LIPO=''
LN_S='ln -s'
LTLIBOBJS=''
MAKEINFO='${SHELL} /home/alec/Taktia/Tool/SmartRouterQt/libdc1394-2.2.1-alec/missing --run makeinfo'
MAKE_EXAMPLES_FALSE='#'
MAKE_EXAMPLES_TRUE=''
MKDIR_P='/bin/mkdir -p'
NM='/usr/bin/nm -B'
NMEDIT=''
OBJDUMP='objdump'
OBJEXT='o'
OTOOL64=''
OTOOL=''
PACKAGE='libdc1394'
PACKAGE_BUGREPORT='libdc1394-devel@lists.sf.net'
PACKAGE_NAME='libdc1394'
PACKAGE_STRING='libdc1394 2.2.1'
PACKAGE_TARNAME='libdc1394'
PACKAGE_URL=''
PACKAGE_VERSION='2.2.1'
PATH_SEPARATOR=':'
PKG_CONFIG='/usr/bin/pkg-config'
RANLIB='ranlib'
SDL_CFLAGS='-I/usr/include/SDL -D_GNU_SOURCE=1 -D_REENTRANT'
SDL_CONFIG='/usr/bin/sdl-config'
SDL_LIBS='-L/usr/lib/x86_64-linux-gnu -lSDL'
SED='/bin/sed'
SET_MAKE=''
SHELL='/bin/bash'
STRIP='strip'
VERSION='2.2.1'
XMKMF=''
XV_CFLAGS=''
XV_LIBS=''
X_CFLAGS=''
X_EXTRA_LIBS=''
X_LIBS=''
X_PRE_LIBS=' -lSM -lICE'
ac_ct_CC='gcc'
ac_ct_DUMPBIN=''
am__EXEEXT_FALSE=''
am__EXEEXT_TRUE='#'
am__fastdepCC_FALSE='#'
am__fastdepCC_TRUE=''
am__include='include'
am__isrc=''
am__leading_dot='.'
am__quote=''
am__tar='${AMTAR} chof - "$$tardir"'
am__untar='${AMTAR} xf -'
bindir='${exec_prefix}/bin'
build='x86_64-unknown-linux-gnu'
build_alias=''
build_cpu='x86_64'
build_os='linux-gnu'
build_vendor='unknown'
datadir='${datarootdir}'
datarootdir='${prefix}/share'
docdir='${datarootdir}/doc/${PACKAGE_TARNAME}'
dvidir='${docdir}'
exec_prefix='${prefix}'
host='x86_64-unknown-linux-gnu'
host_alias=''
host_cpu='x86_64'
host_os='linux-gnu'
host_vendor='unknown'
htmldir='${docdir}'
includedir='${prefix}/include'
infodir='${datarootdir}/info'
install_sh='${SHELL} /home/alec/Taktia/Tool/SmartRouterQt/libdc1394-2.2.1-alec/install-sh'
libdir='${exec_prefix}/lib'
libexecdir='${exec_prefix}/libexec'
localedir='${datarootdir}/locale'
localstatedir='${prefix}/var'
lt_ECHO='echo'
lt_age='1'
lt_current='23'
lt_revision='8'
mandir='${datarootdir}/man'
mkdir_p='/bin/mkdir -p'
oldincludedir='/usr/include'
pdfdir='${docdir}'
pkgincludedir='$(includedir)/dc1394'
platform_LDFLAGS=''
prefix='/usr/local'
program_transform_name='s,x,x,'
psdir='${docdir}'
sbindir='${exec_prefix}/sbin'
sharedstatedir='${prefix}/com'
sysconfdir='${prefix}/etc'
target='x86_64-unknown-linux-gnu'
target_alias=''
target_cpu='x86_64'
target_os='linux-gnu'
target_vendor='unknown'

## ----------- ##
## confdefs.h. ##
## ----------- ##

/* confdefs.h */
#define PACKAGE_NAME "libdc1394"
#define PACKAGE_TARNAME "libdc1394"
#define PACKAGE_VERSION "2.2.1"
#define PACKAGE_STRING "libdc1394 2.2.1"
#define PACKAGE_BUGREPORT "libdc1394-devel@lists.sf.net"
#define PACKAGE_URL ""
#define PACKAGE "libdc1394"
#define VERSION "2.2.1"
#define STDC_HEADERS 1
#define HAVE_SYS_TYPES_H 1
#define HAVE_SYS_STAT_H 1
#define HAVE_STDLIB_H 1
#define HAVE_STRING_H 1
#define HAVE_MEMORY_H 1
#define HAVE_STRINGS_H 1
#define HAVE_INTTYPES_H 1
#define HAVE_STDINT_H 1
#define HAVE_UNISTD_H 1
#define HAVE_DLFCN_H 1
#define LT_OBJDIR ".libs/"
#define restrict __restrict
#define HAVE_LIBUSB /**/
#define HAVE_LIBSDL 1
#define HAVE_LINUX /**/
#define HAVE_OPENGL 1
#define STDC_HEADERS 1
#define HAVE_STDINT_H 1
#define HAVE_FCNTL_H 1
#define HAVE_SYS_IOCTL_H 1
#define HAVE_UNISTD_H 1
#define HAVE_SYS_MMAN_H 1
#define HAVE_NETINET_IN_H 1
#define HAVE_STDLIB_H 1
#define HAVE_UNISTD_H 1
#define HAVE_SYS_PARAM_H 1
#define HAVE_GETPAGESIZE 1
#define HAVE_MMAP 1

configure: exit 0
